# JRE version: OpenJDK Runtime Environment (7.0_121) (build 1.7.0_121-b00)
# Java VM: OpenJDK 64-Bit Server VM (24.121-b00 mixed mode linux-amd64 compressed oops)
Heap
 PSYoungGen      total 239616K, used 186368K [0x00000000ec200000, 0x0000000100000000, 0x0000000100000000)
  eden space 186368K, 100% used [0x00000000ec200000,0x00000000f7800000,0x00000000f7800000)
  from space 53248K, 0% used [0x00000000f7800000,0x00000000f7800000,0x00000000fac00000)
  to   space 73216K, 0% used [0x00000000fb880000,0x00000000fb880000,0x0000000100000000)
 ParOldGen       total 651264K, used 650993K [0x00000000c4600000, 0x00000000ec200000, 0x00000000ec200000)
  object space 651264K, 99% used [0x00000000c4600000,0x00000000ec1bc730,0x00000000ec200000)
 PSPermGen       total 28672K, used 28649K [0x00000000ba000000, 0x00000000bbc00000, 0x00000000c4600000)
  object space 28672K, 99% used [0x00000000ba000000,0x00000000bbbfa648,0x00000000bbc00000)
GC Heap History (10 events):
Event: 169,992 GC heap after
Heap after GC invocations=295 (full 100):
 PSYoungGen      total 239616K, used 150495K [0x00000000ec200000, 0x0000000100000000, 0x0000000100000000)
  eden space 186368K, 80% used [0x00000000ec200000,0x00000000f54f7eb0,0x00000000f7800000)
  from space 53248K, 0% used [0x00000000f7800000,0x00000000f7800000,0x00000000fac00000)
  to   space 73216K, 0% used [0x00000000fb880000,0x00000000fb880000,0x0000000100000000)
 ParOldGen       total 651264K, used 650802K [0x00000000c4600000, 0x00000000ec200000, 0x00000000ec200000)
  object space 651264K, 99% used [0x00000000c4600000,0x00000000ec18c9d0,0x00000000ec200000)
 PSPermGen       total 29184K, used 28715K [0x00000000ba000000, 0x00000000bbc80000, 0x00000000c4600000)
  object space 29184K, 98% used [0x00000000ba000000,0x00000000bbc0afc8,0x00000000bbc80000)
}
Event: 170,024 GC heap before
{Heap before GC invocations=296 (full 101):
 PSYoungGen      total 239616K, used 186368K [0x00000000ec200000, 0x0000000100000000, 0x0000000100000000)
  eden space 186368K, 100% used [0x00000000ec200000,0x00000000f7800000,0x00000000f7800000)
  from space 53248K, 0% used [0x00000000f7800000,0x00000000f7800000,0x00000000fac00000)
  to   space 73216K, 0% used [0x00000000fb880000,0x00000000fb880000,0x0000000100000000)
 ParOldGen       total 651264K, used 650802K [0x00000000c4600000, 0x00000000ec200000, 0x00000000ec200000)
  object space 651264K, 99% used [0x00000000c4600000,0x00000000ec18c9d0,0x00000000ec200000)
 PSPermGen       total 29184K, used 28718K [0x00000000ba000000, 0x00000000bbc80000, 0x00000000c4600000)
  object space 29184K, 98% used [0x00000000ba000000,0x00000000bbc0baf8,0x00000000bbc80000)
Event: 171,499 GC heap after
Heap after GC invocations=296 (full 101):
 PSYoungGen      total 239616K, used 150550K [0x00000000ec200000, 0x0000000100000000, 0x0000000100000000)
  eden space 186368K, 80% used [0x00000000ec200000,0x00000000f5505bb0,0x00000000f7800000)
  from space 53248K, 0% used [0x00000000f7800000,0x00000000f7800000,0x00000000fac00000)
  to   space 73216K, 0% used [0x00000000fb880000,0x00000000fb880000,0x0000000100000000)
 ParOldGen       total 651264K, used 651231K [0x00000000c4600000, 0x00000000ec200000, 0x00000000ec200000)
  object space 651264K, 99% used [0x00000000c4600000,0x00000000ec1f7e78,0x00000000ec200000)
 PSPermGen       total 29184K, used 28718K [0x00000000ba000000, 0x00000000bbc80000, 0x00000000c4600000)
  object space 29184K, 98% used [0x00000000ba000000,0x00000000bbc0baf8,0x00000000bbc80000)
}
Event: 171,538 GC heap before
{Heap before GC invocations=297 (full 102):
 PSYoungGen      total 239616K, used 186368K [0x00000000ec200000, 0x0000000100000000, 0x0000000100000000)
  eden space 186368K, 100% used [0x00000000ec200000,0x00000000f7800000,0x00000000f7800000)
  from space 53248K, 0% used [0x00000000f7800000,0x00000000f7800000,0x00000000fac00000)
  to   space 73216K, 0% used [0x00000000fb880000,0x00000000fb880000,0x0000000100000000)
 ParOldGen       total 651264K, used 651231K [0x00000000c4600000, 0x00000000ec200000, 0x00000000ec200000)
  object space 651264K, 99% used [0x00000000c4600000,0x00000000ec1f7e78,0x00000000ec200000)
 PSPermGen       total 29184K, used 28729K [0x00000000ba000000, 0x00000000bbc80000, 0x00000000c4600000)
  object space 29184K, 98% used [0x00000000ba000000,0x00000000bbc0e708,0x00000000bbc80000)
Event: 172,754 GC heap after
Heap after GC invocations=297 (full 102):
 PSYoungGen      total 239616K, used 151468K [0x00000000ec200000, 0x0000000100000000, 0x0000000100000000)
  eden space 186368K, 81% used [0x00000000ec200000,0x00000000f55eb078,0x00000000f7800000)
  from space 53248K, 0% used [0x00000000f7800000,0x00000000f7800000,0x00000000fac00000)
  to   space 73216K, 0% used [0x00000000fb880000,0x00000000fb880000,0x0000000100000000)
 ParOldGen       total 651264K, used 651144K [0x00000000c4600000, 0x00000000ec200000, 0x00000000ec200000)
  object space 651264K, 99% used [0x00000000c4600000,0x00000000ec1e23d8,0x00000000ec200000)
 PSPermGen       total 29184K, used 28729K [0x00000000ba000000, 0x00000000bbc80000, 0x00000000c4600000)
  object space 29184K, 98% used [0x00000000ba000000,0x00000000bbc0e6e8,0x00000000bbc80000)
}
Event: 172,858 GC heap before
{Heap before GC invocations=298 (full 103):
 PSYoungGen      total 239616K, used 186368K [0x00000000ec200000, 0x0000000100000000, 0x0000000100000000)
  eden space 186368K, 100% used [0x00000000ec200000,0x00000000f7800000,0x00000000f7800000)
  from space 53248K, 0% used [0x00000000f7800000,0x00000000f7800000,0x00000000fac00000)
  to   space 73216K, 0% used [0x00000000fb880000,0x00000000fb880000,0x0000000100000000)
 ParOldGen       total 651264K, used 651144K [0x00000000c4600000, 0x00000000ec200000, 0x00000000ec200000)
  object space 651264K, 99% used [0x00000000c4600000,0x00000000ec1e23d8,0x00000000ec200000)
 PSPermGen       total 29184K, used 28730K [0x00000000ba000000, 0x00000000bbc80000, 0x00000000c4600000)
  object space 29184K, 98% used [0x00000000ba000000,0x00000000bbc0e950,0x00000000bbc80000)
Event: 174,481 GC heap after
Heap after GC invocations=298 (full 103):
 PSYoungGen      total 239616K, used 151379K [0x00000000ec200000, 0x0000000100000000, 0x0000000100000000)
  eden space 186368K, 81% used [0x00000000ec200000,0x00000000f55d4d98,0x00000000f7800000)
  from space 53248K, 0% used [0x00000000f7800000,0x00000000f7800000,0x00000000fac00000)
  to   space 73216K, 0% used [0x00000000fb880000,0x00000000fb880000,0x0000000100000000)
 ParOldGen       total 651264K, used 651147K [0x00000000c4600000, 0x00000000ec200000, 0x00000000ec200000)
  object space 651264K, 99% used [0x00000000c4600000,0x00000000ec1e2d00,0x00000000ec200000)
 PSPermGen       total 29184K, used 28727K [0x00000000ba000000, 0x00000000bbc80000, 0x00000000c4600000)
  object space 29184K, 98% used [0x00000000ba000000,0x00000000bbc0dd80,0x00000000bbc80000)
}
Event: 174,527 GC heap before
{Heap before GC invocations=299 (full 104):
 PSYoungGen      total 239616K, used 186368K [0x00000000ec200000, 0x0000000100000000, 0x0000000100000000)
  eden space 186368K, 100% used [0x00000000ec200000,0x00000000f7800000,0x00000000f7800000)
  from space 53248K, 0% used [0x00000000f7800000,0x00000000f7800000,0x00000000fac00000)
  to   space 73216K, 0% used [0x00000000fb880000,0x00000000fb880000,0x0000000100000000)
 ParOldGen       total 651264K, used 651147K [0x00000000c4600000, 0x00000000ec200000, 0x00000000ec200000)
  object space 651264K, 99% used [0x00000000c4600000,0x00000000ec1e2d00,0x00000000ec200000)
 PSPermGen       total 29184K, used 28727K [0x00000000ba000000, 0x00000000bbc80000, 0x00000000c4600000)
  object space 29184K, 98% used [0x00000000ba000000,0x00000000bbc0de40,0x00000000bbc80000)
Event: 175,461 GC heap after
Heap after GC invocations=299 (full 104):
 PSYoungGen      total 239616K, used 148118K [0x00000000ec200000, 0x0000000100000000, 0x0000000100000000)
  eden space 186368K, 79% used [0x00000000ec200000,0x00000000f52a58e8,0x00000000f7800000)
  from space 53248K, 0% used [0x00000000f7800000,0x00000000f7800000,0x00000000fac00000)
  to   space 73216K, 0% used [0x00000000fb880000,0x00000000fb880000,0x0000000100000000)
 ParOldGen       total 651264K, used 650993K [0x00000000c4600000, 0x00000000ec200000, 0x00000000ec200000)
  object space 651264K, 99% used [0x00000000c4600000,0x00000000ec1bc730,0x00000000ec200000)
 PSPermGen       total 28672K, used 28649K [0x00000000ba000000, 0x00000000bbc00000, 0x00000000c4600000)
  object space 28672K, 99% used [0x00000000ba000000,0x00000000bbbfa648,0x00000000bbc00000)
}
Event: 175,516 GC heap before
{Heap before GC invocations=300 (full 105):
 PSYoungGen      total 239616K, used 186368K [0x00000000ec200000, 0x0000000100000000, 0x0000000100000000)
  eden space 186368K, 100% used [0x00000000ec200000,0x00000000f7800000,0x00000000f7800000)
  from space 53248K, 0% used [0x00000000f7800000,0x00000000f7800000,0x00000000fac00000)
  to   space 73216K, 0% used [0x00000000fb880000,0x00000000fb880000,0x0000000100000000)
 ParOldGen       total 651264K, used 650993K [0x00000000c4600000, 0x00000000ec200000, 0x00000000ec200000)
  object space 651264K, 99% used [0x00000000c4600000,0x00000000ec1bc730,0x00000000ec200000)
 PSPermGen       total 28672K, used 28649K [0x00000000ba000000, 0x00000000bbc00000, 0x00000000c4600000)
  object space 28672K, 99% used [0x00000000ba000000,0x00000000bbbfa648,0x00000000bbc00000)

